{"D:\\David-Demo\\Escritorio\\React\\03-gifs-app\\src\\GifsApp.tsx": {"path":"D:\\David-Demo\\Escritorio\\React\\03-gifs-app\\src\\GifsApp.tsx","all":false,"statementMap":{"0":{"start":{"line":1,"column":0},"end":{"line":1,"column":52}},"1":{"start":{"line":2,"column":0},"end":{"line":2,"column":70}},"2":{"start":{"line":3,"column":0},"end":{"line":3,"column":47}},"4":{"start":{"line":5,"column":0},"end":{"line":5,"column":64}},"5":{"start":{"line":6,"column":0},"end":{"line":6,"column":58}},"7":{"start":{"line":8,"column":0},"end":{"line":8,"column":30}},"8":{"start":{"line":9,"column":0},"end":{"line":9,"column":77}},"10":{"start":{"line":11,"column":0},"end":{"line":11,"column":10}},"11":{"start":{"line":12,"column":0},"end":{"line":12,"column":6}},"13":{"start":{"line":14,"column":0},"end":{"line":14,"column":19}},"14":{"start":{"line":15,"column":0},"end":{"line":15,"column":32}},"15":{"start":{"line":16,"column":0},"end":{"line":16,"column":57}},"19":{"start":{"line":20,"column":0},"end":{"line":20,"column":77}},"22":{"start":{"line":23,"column":0},"end":{"line":23,"column":23}},"23":{"start":{"line":24,"column":0},"end":{"line":24,"column":32}},"24":{"start":{"line":25,"column":0},"end":{"line":25,"column":42}},"28":{"start":{"line":29,"column":0},"end":{"line":29,"column":29}},"31":{"start":{"line":32,"column":0},"end":{"line":32,"column":2}}},"s":{"0":1,"1":1,"2":1,"4":1,"5":1,"7":1,"8":1,"10":1,"11":1,"13":1,"14":1,"15":1,"19":1,"22":1,"23":1,"24":1,"28":1,"31":1},"branchMap":{"0":{"type":"branch","line":8,"loc":{"start":{"line":8,"column":23},"end":{"line":32,"column":2}},"locations":[{"start":{"line":8,"column":23},"end":{"line":32,"column":2}}]}},"b":{"0":[1]},"fnMap":{"0":{"name":"GifsApp","decl":{"start":{"line":8,"column":23},"end":{"line":32,"column":2}},"loc":{"start":{"line":8,"column":23},"end":{"line":32,"column":2}},"line":8}},"f":{"0":1}}
,"D:\\David-Demo\\Escritorio\\React\\03-gifs-app\\src\\main.tsx": {"path":"D:\\David-Demo\\Escritorio\\React\\03-gifs-app\\src\\main.tsx","all":true,"statementMap":{"0":{"start":{"line":1,"column":0},"end":{"line":1,"column":35}},"1":{"start":{"line":2,"column":0},"end":{"line":2,"column":46}},"3":{"start":{"line":4,"column":0},"end":{"line":4,"column":36}},"5":{"start":{"line":6,"column":0},"end":{"line":6,"column":21}},"6":{"start":{"line":7,"column":0},"end":{"line":7,"column":68}},"8":{"start":{"line":9,"column":0},"end":{"line":9,"column":52}},"9":{"start":{"line":10,"column":0},"end":{"line":10,"column":14}},"10":{"start":{"line":11,"column":0},"end":{"line":11,"column":15}}},"s":{"0":0,"1":0,"3":0,"5":0,"6":0,"8":0,"9":0,"10":0},"branchMap":{"0":{"type":"branch","line":1,"loc":{"start":{"line":1,"column":345},"end":{"line":14,"column":2}},"locations":[{"start":{"line":1,"column":345},"end":{"line":14,"column":2}}]}},"b":{"0":[0]},"fnMap":{"0":{"name":"(empty-report)","decl":{"start":{"line":1,"column":345},"end":{"line":14,"column":2}},"loc":{"start":{"line":1,"column":345},"end":{"line":14,"column":2}},"line":1}},"f":{"0":0}}
,"D:\\David-Demo\\Escritorio\\React\\03-gifs-app\\src\\counter\\components\\MyCounterApp.tsx": {"path":"D:\\David-Demo\\Escritorio\\React\\03-gifs-app\\src\\counter\\components\\MyCounterApp.tsx","all":false,"statementMap":{"0":{"start":{"line":1,"column":0},"end":{"line":1,"column":49}},"2":{"start":{"line":3,"column":0},"end":{"line":3,"column":35}},"3":{"start":{"line":4,"column":0},"end":{"line":4,"column":75}},"5":{"start":{"line":6,"column":0},"end":{"line":6,"column":10}},"6":{"start":{"line":7,"column":0},"end":{"line":7,"column":8}},"7":{"start":{"line":8,"column":0},"end":{"line":8,"column":80}},"9":{"start":{"line":10,"column":0},"end":{"line":10,"column":33}},"10":{"start":{"line":11,"column":0},"end":{"line":11,"column":52}},"11":{"start":{"line":12,"column":0},"end":{"line":12,"column":52}},"12":{"start":{"line":13,"column":0},"end":{"line":13,"column":52}},"13":{"start":{"line":14,"column":0},"end":{"line":14,"column":47}},"17":{"start":{"line":18,"column":0},"end":{"line":18,"column":2}}},"s":{"0":1,"2":1,"3":7,"5":7,"6":7,"7":7,"9":7,"10":7,"11":7,"12":7,"13":7,"17":7},"branchMap":{"0":{"type":"branch","line":3,"loc":{"start":{"line":3,"column":28},"end":{"line":18,"column":2}},"locations":[{"start":{"line":3,"column":28},"end":{"line":18,"column":2}}]}},"b":{"0":[7]},"fnMap":{"0":{"name":"MyCounterApp","decl":{"start":{"line":3,"column":28},"end":{"line":18,"column":2}},"loc":{"start":{"line":3,"column":28},"end":{"line":18,"column":2}},"line":3}},"f":{"0":7}}
,"D:\\David-Demo\\Escritorio\\React\\03-gifs-app\\src\\counter\\hooks\\useCounter.tsx": {"path":"D:\\David-Demo\\Escritorio\\React\\03-gifs-app\\src\\counter\\hooks\\useCounter.tsx","all":false,"statementMap":{"0":{"start":{"line":1,"column":0},"end":{"line":1,"column":33}},"2":{"start":{"line":3,"column":0},"end":{"line":3,"column":58}},"3":{"start":{"line":4,"column":0},"end":{"line":4,"column":55}},"5":{"start":{"line":6,"column":0},"end":{"line":6,"column":27}},"6":{"start":{"line":7,"column":0},"end":{"line":7,"column":28}},"7":{"start":{"line":8,"column":0},"end":{"line":8,"column":4}},"9":{"start":{"line":10,"column":0},"end":{"line":10,"column":32}},"10":{"start":{"line":11,"column":0},"end":{"line":11,"column":31}},"11":{"start":{"line":12,"column":0},"end":{"line":12,"column":45}},"12":{"start":{"line":13,"column":0},"end":{"line":13,"column":4}},"14":{"start":{"line":15,"column":0},"end":{"line":15,"column":29}},"15":{"start":{"line":16,"column":0},"end":{"line":16,"column":29}},"16":{"start":{"line":17,"column":0},"end":{"line":17,"column":4}},"17":{"start":{"line":18,"column":0},"end":{"line":18,"column":10}},"18":{"start":{"line":19,"column":0},"end":{"line":19,"column":21}},"19":{"start":{"line":20,"column":0},"end":{"line":20,"column":12}},"21":{"start":{"line":22,"column":0},"end":{"line":22,"column":24}},"22":{"start":{"line":23,"column":0},"end":{"line":23,"column":14}},"23":{"start":{"line":24,"column":0},"end":{"line":24,"column":19}},"24":{"start":{"line":25,"column":0},"end":{"line":25,"column":16}},"25":{"start":{"line":26,"column":0},"end":{"line":26,"column":4}},"26":{"start":{"line":27,"column":0},"end":{"line":27,"column":2}}},"s":{"0":1,"2":1,"3":14,"5":14,"6":2,"7":2,"9":14,"10":7,"11":7,"12":7,"14":14,"15":1,"16":1,"17":14,"18":14,"19":14,"21":14,"22":14,"23":14,"24":14,"25":14,"26":14},"branchMap":{"0":{"type":"branch","line":3,"loc":{"start":{"line":3,"column":26},"end":{"line":27,"column":2}},"locations":[{"start":{"line":3,"column":26},"end":{"line":27,"column":2}}]},"1":{"type":"branch","line":6,"loc":{"start":{"line":6,"column":20},"end":{"line":8,"column":4}},"locations":[{"start":{"line":6,"column":20},"end":{"line":8,"column":4}}]},"2":{"type":"branch","line":10,"loc":{"start":{"line":10,"column":25},"end":{"line":13,"column":4}},"locations":[{"start":{"line":10,"column":25},"end":{"line":13,"column":4}}]},"3":{"type":"branch","line":12,"loc":{"start":{"line":12,"column":15},"end":{"line":12,"column":45}},"locations":[{"start":{"line":12,"column":15},"end":{"line":12,"column":45}}]},"4":{"type":"branch","line":15,"loc":{"start":{"line":15,"column":22},"end":{"line":17,"column":4}},"locations":[{"start":{"line":15,"column":22},"end":{"line":17,"column":4}}]}},"b":{"0":[14],"1":[2],"2":[7],"3":[7],"4":[1]},"fnMap":{"0":{"name":"useCounter","decl":{"start":{"line":3,"column":26},"end":{"line":27,"column":2}},"loc":{"start":{"line":3,"column":26},"end":{"line":27,"column":2}},"line":3},"1":{"name":"handleAdd","decl":{"start":{"line":6,"column":20},"end":{"line":8,"column":4}},"loc":{"start":{"line":6,"column":20},"end":{"line":8,"column":4}},"line":6},"2":{"name":"handleSubtract","decl":{"start":{"line":10,"column":25},"end":{"line":13,"column":4}},"loc":{"start":{"line":10,"column":25},"end":{"line":13,"column":4}},"line":10},"3":{"name":"handleReset","decl":{"start":{"line":15,"column":22},"end":{"line":17,"column":4}},"loc":{"start":{"line":15,"column":22},"end":{"line":17,"column":4}},"line":15}},"f":{"0":14,"1":2,"2":7,"3":1}}
,"D:\\David-Demo\\Escritorio\\React\\03-gifs-app\\src\\gifs\\actions\\get-gifs-by-query.action.ts": {"path":"D:\\David-Demo\\Escritorio\\React\\03-gifs-app\\src\\gifs\\actions\\get-gifs-by-query.action.ts","all":false,"statementMap":{"0":{"start":{"line":1,"column":0},"end":{"line":1,"column":44}},"5":{"start":{"line":6,"column":0},"end":{"line":6,"column":72}},"6":{"start":{"line":7,"column":0},"end":{"line":7,"column":34}},"7":{"start":{"line":8,"column":0},"end":{"line":8,"column":14}},"8":{"start":{"line":9,"column":0},"end":{"line":9,"column":3}},"10":{"start":{"line":11,"column":0},"end":{"line":11,"column":7}},"11":{"start":{"line":12,"column":0},"end":{"line":12,"column":63}},"12":{"start":{"line":13,"column":0},"end":{"line":13,"column":15}},"13":{"start":{"line":14,"column":0},"end":{"line":14,"column":17}},"14":{"start":{"line":15,"column":0},"end":{"line":15,"column":18}},"15":{"start":{"line":16,"column":0},"end":{"line":16,"column":8}},"16":{"start":{"line":17,"column":0},"end":{"line":17,"column":7}},"17":{"start":{"line":18,"column":0},"end":{"line":18,"column":34}},"19":{"start":{"line":20,"column":0},"end":{"line":20,"column":45}},"20":{"start":{"line":21,"column":0},"end":{"line":21,"column":17}},"21":{"start":{"line":22,"column":0},"end":{"line":22,"column":23}},"22":{"start":{"line":23,"column":0},"end":{"line":23,"column":35}},"23":{"start":{"line":24,"column":0},"end":{"line":24,"column":47}},"24":{"start":{"line":25,"column":0},"end":{"line":25,"column":49}},"25":{"start":{"line":26,"column":0},"end":{"line":26,"column":45}},"26":{"start":{"line":27,"column":0},"end":{"line":27,"column":8}},"27":{"start":{"line":28,"column":0},"end":{"line":28,"column":13}},"29":{"start":{"line":30,"column":0},"end":{"line":30,"column":7}},"30":{"start":{"line":31,"column":0},"end":{"line":31,"column":19}},"31":{"start":{"line":32,"column":0},"end":{"line":32,"column":25}},"32":{"start":{"line":33,"column":0},"end":{"line":33,"column":14}},"33":{"start":{"line":34,"column":0},"end":{"line":34,"column":3}},"34":{"start":{"line":35,"column":0},"end":{"line":35,"column":2}}},"s":{"0":1,"5":1,"6":6,"7":1,"8":1,"10":5,"11":5,"12":5,"13":5,"14":5,"15":5,"16":5,"17":4,"19":4,"20":40,"21":40,"22":40,"23":40,"24":40,"25":40,"26":40,"27":4,"29":4,"30":4,"31":1,"32":1,"33":1,"34":6},"branchMap":{"0":{"type":"branch","line":6,"loc":{"start":{"line":6,"column":30},"end":{"line":35,"column":2}},"locations":[{"start":{"line":6,"column":30},"end":{"line":35,"column":2}}]},"1":{"type":"branch","line":7,"loc":{"start":{"line":7,"column":33},"end":{"line":9,"column":3}},"locations":[{"start":{"line":7,"column":33},"end":{"line":9,"column":3}}]},"2":{"type":"branch","line":9,"loc":{"start":{"line":9,"column":2},"end":{"line":17,"column":7}},"locations":[{"start":{"line":9,"column":2},"end":{"line":17,"column":7}}]},"3":{"type":"branch","line":17,"loc":{"start":{"line":17,"column":4},"end":{"line":34,"column":3}},"locations":[{"start":{"line":17,"column":4},"end":{"line":34,"column":3}}]},"4":{"type":"branch","line":31,"loc":{"start":{"line":31,"column":4},"end":{"line":34,"column":3}},"locations":[{"start":{"line":31,"column":4},"end":{"line":34,"column":3}}]},"5":{"type":"branch","line":20,"loc":{"start":{"line":20,"column":34},"end":{"line":27,"column":8}},"locations":[{"start":{"line":20,"column":34},"end":{"line":27,"column":8}}]}},"b":{"0":[6],"1":[1],"2":[5],"3":[4],"4":[1],"5":[40]},"fnMap":{"0":{"name":"getGifsByQuery","decl":{"start":{"line":6,"column":30},"end":{"line":35,"column":2}},"loc":{"start":{"line":6,"column":30},"end":{"line":35,"column":2}},"line":6}},"f":{"0":6}}
,"D:\\David-Demo\\Escritorio\\React\\03-gifs-app\\src\\gifs\\api\\giphy.api.ts": {"path":"D:\\David-Demo\\Escritorio\\React\\03-gifs-app\\src\\gifs\\api\\giphy.api.ts","all":false,"statementMap":{"0":{"start":{"line":1,"column":0},"end":{"line":1,"column":26}},"2":{"start":{"line":3,"column":0},"end":{"line":3,"column":38}},"3":{"start":{"line":4,"column":0},"end":{"line":4,"column":43}},"4":{"start":{"line":5,"column":0},"end":{"line":5,"column":11}},"5":{"start":{"line":6,"column":0},"end":{"line":6,"column":15}},"6":{"start":{"line":7,"column":0},"end":{"line":7,"column":48}},"7":{"start":{"line":8,"column":0},"end":{"line":8,"column":4}},"8":{"start":{"line":9,"column":0},"end":{"line":9,"column":3}}},"s":{"0":1,"2":1,"3":1,"4":1,"5":1,"6":1,"7":1,"8":1},"branchMap":{},"b":{},"fnMap":{},"f":{}}
,"D:\\David-Demo\\Escritorio\\React\\03-gifs-app\\src\\gifs\\components\\GifList.tsx": {"path":"D:\\David-Demo\\Escritorio\\React\\03-gifs-app\\src\\gifs\\components\\GifList.tsx","all":false,"statementMap":{"7":{"start":{"line":8,"column":0},"end":{"line":8,"column":49}},"8":{"start":{"line":9,"column":0},"end":{"line":9,"column":10}},"9":{"start":{"line":10,"column":0},"end":{"line":10,"column":36}},"10":{"start":{"line":11,"column":0},"end":{"line":11,"column":26}},"11":{"start":{"line":12,"column":0},"end":{"line":12,"column":47}},"12":{"start":{"line":13,"column":0},"end":{"line":13,"column":47}},"13":{"start":{"line":14,"column":0},"end":{"line":14,"column":30}},"14":{"start":{"line":15,"column":0},"end":{"line":15,"column":13}},"15":{"start":{"line":16,"column":0},"end":{"line":16,"column":87}},"21":{"start":{"line":22,"column":0},"end":{"line":22,"column":2}}},"s":{"7":1,"8":1,"9":1,"10":1,"11":1,"12":1,"13":1,"14":1,"15":1,"21":1},"branchMap":{"0":{"type":"branch","line":8,"loc":{"start":{"line":8,"column":34},"end":{"line":22,"column":2}},"locations":[{"start":{"line":8,"column":34},"end":{"line":22,"column":2}}]}},"b":{"0":[1]},"fnMap":{"0":{"name":"GifList","decl":{"start":{"line":8,"column":34},"end":{"line":22,"column":2}},"loc":{"start":{"line":8,"column":34},"end":{"line":22,"column":2}},"line":8}},"f":{"0":1}}
,"D:\\David-Demo\\Escritorio\\React\\03-gifs-app\\src\\gifs\\components\\PreviousSearches.tsx": {"path":"D:\\David-Demo\\Escritorio\\React\\03-gifs-app\\src\\gifs\\components\\PreviousSearches.tsx","all":false,"statementMap":{"7":{"start":{"line":8,"column":0},"end":{"line":8,"column":78}},"8":{"start":{"line":9,"column":0},"end":{"line":9,"column":10}},"9":{"start":{"line":10,"column":0},"end":{"line":10,"column":39}},"10":{"start":{"line":11,"column":0},"end":{"line":11,"column":32}},"11":{"start":{"line":12,"column":0},"end":{"line":12,"column":45}},"12":{"start":{"line":13,"column":0},"end":{"line":13,"column":33}},"13":{"start":{"line":14,"column":0},"end":{"line":14,"column":62}},"14":{"start":{"line":15,"column":0},"end":{"line":15,"column":18}},"20":{"start":{"line":21,"column":0},"end":{"line":21,"column":2}}},"s":{"7":1,"8":1,"9":1,"10":1,"11":1,"12":1,"13":1,"14":1,"20":1},"branchMap":{"0":{"type":"branch","line":8,"loc":{"start":{"line":8,"column":43},"end":{"line":21,"column":2}},"locations":[{"start":{"line":8,"column":43},"end":{"line":21,"column":2}}]}},"b":{"0":[1]},"fnMap":{"0":{"name":"PreviousSearches","decl":{"start":{"line":8,"column":43},"end":{"line":21,"column":2}},"loc":{"start":{"line":8,"column":43},"end":{"line":21,"column":2}},"line":8}},"f":{"0":1}}
,"D:\\David-Demo\\Escritorio\\React\\03-gifs-app\\src\\gifs\\hooks\\useGifs.tsx": {"path":"D:\\David-Demo\\Escritorio\\React\\03-gifs-app\\src\\gifs\\hooks\\useGifs.tsx","all":false,"statementMap":{"0":{"start":{"line":1,"column":0},"end":{"line":1,"column":41}},"2":{"start":{"line":3,"column":0},"end":{"line":3,"column":69}},"4":{"start":{"line":5,"column":0},"end":{"line":5,"column":47}},"6":{"start":{"line":7,"column":0},"end":{"line":7,"column":30}},"7":{"start":{"line":8,"column":0},"end":{"line":8,"column":46}},"8":{"start":{"line":9,"column":0},"end":{"line":9,"column":67}},"10":{"start":{"line":11,"column":0},"end":{"line":11,"column":75}},"11":{"start":{"line":12,"column":0},"end":{"line":12,"column":54}},"13":{"start":{"line":14,"column":0},"end":{"line":14,"column":53}},"14":{"start":{"line":15,"column":0},"end":{"line":15,"column":29}},"16":{"start":{"line":17,"column":0},"end":{"line":17,"column":34}},"17":{"start":{"line":18,"column":0},"end":{"line":18,"column":39}},"18":{"start":{"line":19,"column":0},"end":{"line":19,"column":13}},"19":{"start":{"line":20,"column":0},"end":{"line":20,"column":5}},"21":{"start":{"line":22,"column":0},"end":{"line":22,"column":44}},"22":{"start":{"line":23,"column":0},"end":{"line":23,"column":18}},"23":{"start":{"line":24,"column":0},"end":{"line":24,"column":35}},"24":{"start":{"line":25,"column":0},"end":{"line":25,"column":4}},"26":{"start":{"line":27,"column":0},"end":{"line":27,"column":54}},"27":{"start":{"line":28,"column":0},"end":{"line":28,"column":30}},"28":{"start":{"line":29,"column":0},"end":{"line":29,"column":39}},"30":{"start":{"line":31,"column":0},"end":{"line":31,"column":35}},"32":{"start":{"line":33,"column":0},"end":{"line":33,"column":46}},"34":{"start":{"line":35,"column":0},"end":{"line":35,"column":54}},"36":{"start":{"line":37,"column":0},"end":{"line":37,"column":42}},"37":{"start":{"line":38,"column":0},"end":{"line":38,"column":60}},"39":{"start":{"line":40,"column":0},"end":{"line":40,"column":45}},"40":{"start":{"line":41,"column":0},"end":{"line":41,"column":29}},"41":{"start":{"line":42,"column":0},"end":{"line":42,"column":18}},"43":{"start":{"line":44,"column":0},"end":{"line":44,"column":36}},"44":{"start":{"line":45,"column":0},"end":{"line":45,"column":30}},"45":{"start":{"line":46,"column":0},"end":{"line":46,"column":4}},"47":{"start":{"line":48,"column":0},"end":{"line":48,"column":10}},"48":{"start":{"line":49,"column":0},"end":{"line":49,"column":21}},"49":{"start":{"line":50,"column":0},"end":{"line":50,"column":9}},"50":{"start":{"line":51,"column":0},"end":{"line":51,"column":18}},"52":{"start":{"line":53,"column":0},"end":{"line":53,"column":24}},"53":{"start":{"line":54,"column":0},"end":{"line":54,"column":22}},"54":{"start":{"line":55,"column":0},"end":{"line":55,"column":17}},"55":{"start":{"line":56,"column":0},"end":{"line":56,"column":4}},"56":{"start":{"line":57,"column":0},"end":{"line":57,"column":2}}},"s":{"0":1,"2":1,"4":1,"6":1,"7":19,"8":19,"10":19,"11":19,"13":19,"14":3,"16":3,"17":1,"18":1,"19":1,"21":2,"22":2,"23":2,"24":2,"26":19,"27":10,"28":10,"30":10,"32":10,"34":10,"36":10,"37":10,"39":10,"40":10,"41":10,"43":10,"44":10,"45":10,"47":19,"48":19,"49":19,"50":19,"52":19,"53":19,"54":19,"55":19,"56":19},"branchMap":{"0":{"type":"branch","line":7,"loc":{"start":{"line":7,"column":23},"end":{"line":57,"column":2}},"locations":[{"start":{"line":7,"column":23},"end":{"line":57,"column":2}}]},"1":{"type":"branch","line":14,"loc":{"start":{"line":14,"column":28},"end":{"line":25,"column":4}},"locations":[{"start":{"line":14,"column":28},"end":{"line":25,"column":4}}]},"2":{"type":"branch","line":17,"loc":{"start":{"line":17,"column":33},"end":{"line":20,"column":5}},"locations":[{"start":{"line":17,"column":33},"end":{"line":20,"column":5}}]},"3":{"type":"branch","line":20,"loc":{"start":{"line":20,"column":4},"end":{"line":25,"column":4}},"locations":[{"start":{"line":20,"column":4},"end":{"line":25,"column":4}}]},"4":{"type":"branch","line":27,"loc":{"start":{"line":27,"column":23},"end":{"line":46,"column":4}},"locations":[{"start":{"line":27,"column":23},"end":{"line":46,"column":4}}]},"5":{"type":"branch","line":31,"loc":{"start":{"line":31,"column":28},"end":{"line":31,"column":35}},"locations":[{"start":{"line":31,"column":28},"end":{"line":31,"column":35}}]},"6":{"type":"branch","line":33,"loc":{"start":{"line":33,"column":39},"end":{"line":33,"column":46}},"locations":[{"start":{"line":33,"column":39},"end":{"line":33,"column":46}}]}},"b":{"0":[19],"1":[3],"2":[1],"3":[2],"4":[10],"5":[0],"6":[0]},"fnMap":{"0":{"name":"useGifs","decl":{"start":{"line":7,"column":23},"end":{"line":57,"column":2}},"loc":{"start":{"line":7,"column":23},"end":{"line":57,"column":2}},"line":7},"1":{"name":"handleTermClicked","decl":{"start":{"line":14,"column":28},"end":{"line":25,"column":4}},"loc":{"start":{"line":14,"column":28},"end":{"line":25,"column":4}},"line":14},"2":{"name":"handleSearch","decl":{"start":{"line":27,"column":23},"end":{"line":46,"column":4}},"loc":{"start":{"line":27,"column":23},"end":{"line":46,"column":4}},"line":27}},"f":{"0":19,"1":3,"2":10}}
,"D:\\David-Demo\\Escritorio\\React\\03-gifs-app\\src\\gifs\\interfaces\\gif.interface.ts": {"path":"D:\\David-Demo\\Escritorio\\React\\03-gifs-app\\src\\gifs\\interfaces\\gif.interface.ts","all":true,"statementMap":{},"s":{},"branchMap":{"0":{"type":"branch","line":1,"loc":{"start":{"line":1,"column":128},"end":{"line":8,"column":1}},"locations":[{"start":{"line":1,"column":128},"end":{"line":8,"column":1}}]}},"b":{"0":[1]},"fnMap":{"0":{"name":"(empty-report)","decl":{"start":{"line":1,"column":128},"end":{"line":8,"column":1}},"loc":{"start":{"line":1,"column":128},"end":{"line":8,"column":1}},"line":1}},"f":{"0":1}}
,"D:\\David-Demo\\Escritorio\\React\\03-gifs-app\\src\\gifs\\interfaces\\giphy.response.ts": {"path":"D:\\David-Demo\\Escritorio\\React\\03-gifs-app\\src\\gifs\\interfaces\\giphy.response.ts","all":true,"statementMap":{},"s":{},"branchMap":{"0":{"type":"branch","line":1,"loc":{"start":{"line":1,"column":2652},"end":{"line":128,"column":1}},"locations":[{"start":{"line":1,"column":2652},"end":{"line":128,"column":1}}]}},"b":{"0":[1]},"fnMap":{"0":{"name":"(empty-report)","decl":{"start":{"line":1,"column":2652},"end":{"line":128,"column":1}},"loc":{"start":{"line":1,"column":2652},"end":{"line":128,"column":1}},"line":1}},"f":{"0":1}}
,"D:\\David-Demo\\Escritorio\\React\\03-gifs-app\\src\\mock-data\\gifs.mock.ts": {"path":"D:\\David-Demo\\Escritorio\\React\\03-gifs-app\\src\\mock-data\\gifs.mock.ts","all":true,"statementMap":{"2":{"start":{"line":3,"column":0},"end":{"line":3,"column":32}},"3":{"start":{"line":4,"column":0},"end":{"line":4,"column":3}},"4":{"start":{"line":5,"column":0},"end":{"line":5,"column":12}},"5":{"start":{"line":6,"column":0},"end":{"line":6,"column":29}},"6":{"start":{"line":7,"column":0},"end":{"line":7,"column":185}},"7":{"start":{"line":8,"column":0},"end":{"line":8,"column":15}},"8":{"start":{"line":9,"column":0},"end":{"line":9,"column":16}},"9":{"start":{"line":10,"column":0},"end":{"line":10,"column":18}},"10":{"start":{"line":11,"column":0},"end":{"line":11,"column":4}},"11":{"start":{"line":12,"column":0},"end":{"line":12,"column":3}},"12":{"start":{"line":13,"column":0},"end":{"line":13,"column":12}},"13":{"start":{"line":14,"column":0},"end":{"line":14,"column":23}},"14":{"start":{"line":15,"column":0},"end":{"line":15,"column":70}},"15":{"start":{"line":16,"column":0},"end":{"line":16,"column":15}},"16":{"start":{"line":17,"column":0},"end":{"line":17,"column":16}},"17":{"start":{"line":18,"column":0},"end":{"line":18,"column":18}},"18":{"start":{"line":19,"column":0},"end":{"line":19,"column":4}},"19":{"start":{"line":20,"column":0},"end":{"line":20,"column":3}},"20":{"start":{"line":21,"column":0},"end":{"line":21,"column":12}},"21":{"start":{"line":22,"column":0},"end":{"line":22,"column":25}},"22":{"start":{"line":23,"column":0},"end":{"line":23,"column":185}},"23":{"start":{"line":24,"column":0},"end":{"line":24,"column":15}},"24":{"start":{"line":25,"column":0},"end":{"line":25,"column":16}},"25":{"start":{"line":26,"column":0},"end":{"line":26,"column":18}},"26":{"start":{"line":27,"column":0},"end":{"line":27,"column":4}},"27":{"start":{"line":28,"column":0},"end":{"line":28,"column":3}},"28":{"start":{"line":29,"column":0},"end":{"line":29,"column":12}},"29":{"start":{"line":30,"column":0},"end":{"line":30,"column":23}},"30":{"start":{"line":31,"column":0},"end":{"line":31,"column":70}},"31":{"start":{"line":32,"column":0},"end":{"line":32,"column":15}},"32":{"start":{"line":33,"column":0},"end":{"line":33,"column":16}},"33":{"start":{"line":34,"column":0},"end":{"line":34,"column":18}},"34":{"start":{"line":35,"column":0},"end":{"line":35,"column":4}},"35":{"start":{"line":36,"column":0},"end":{"line":36,"column":3}},"36":{"start":{"line":37,"column":0},"end":{"line":37,"column":12}},"37":{"start":{"line":38,"column":0},"end":{"line":38,"column":30}},"38":{"start":{"line":39,"column":0},"end":{"line":39,"column":185}},"39":{"start":{"line":40,"column":0},"end":{"line":40,"column":15}},"40":{"start":{"line":41,"column":0},"end":{"line":41,"column":16}},"41":{"start":{"line":42,"column":0},"end":{"line":42,"column":18}},"42":{"start":{"line":43,"column":0},"end":{"line":43,"column":4}},"43":{"start":{"line":44,"column":0},"end":{"line":44,"column":3}},"44":{"start":{"line":45,"column":0},"end":{"line":45,"column":12}},"45":{"start":{"line":46,"column":0},"end":{"line":46,"column":31}},"46":{"start":{"line":47,"column":0},"end":{"line":47,"column":185}},"47":{"start":{"line":48,"column":0},"end":{"line":48,"column":15}},"48":{"start":{"line":49,"column":0},"end":{"line":49,"column":16}},"49":{"start":{"line":50,"column":0},"end":{"line":50,"column":18}},"50":{"start":{"line":51,"column":0},"end":{"line":51,"column":4}},"51":{"start":{"line":52,"column":0},"end":{"line":52,"column":2}}},"s":{"2":0,"3":0,"4":0,"5":0,"6":0,"7":0,"8":0,"9":0,"10":0,"11":0,"12":0,"13":0,"14":0,"15":0,"16":0,"17":0,"18":0,"19":0,"20":0,"21":0,"22":0,"23":0,"24":0,"25":0,"26":0,"27":0,"28":0,"29":0,"30":0,"31":0,"32":0,"33":0,"34":0,"35":0,"36":0,"37":0,"38":0,"39":0,"40":0,"41":0,"42":0,"43":0,"44":0,"45":0,"46":0,"47":0,"48":0,"49":0,"50":0,"51":0},"branchMap":{"0":{"type":"branch","line":1,"loc":{"start":{"line":1,"column":1645},"end":{"line":52,"column":2}},"locations":[{"start":{"line":1,"column":1645},"end":{"line":52,"column":2}}]}},"b":{"0":[1]},"fnMap":{"0":{"name":"(empty-report)","decl":{"start":{"line":1,"column":1645},"end":{"line":52,"column":2}},"loc":{"start":{"line":1,"column":1645},"end":{"line":52,"column":2}},"line":1}},"f":{"0":1}}
,"D:\\David-Demo\\Escritorio\\React\\03-gifs-app\\src\\shared\\components\\CustomHeader.tsx": {"path":"D:\\David-Demo\\Escritorio\\React\\03-gifs-app\\src\\shared\\components\\CustomHeader.tsx","all":false,"statementMap":{"5":{"start":{"line":6,"column":0},"end":{"line":6,"column":64}},"6":{"start":{"line":7,"column":0},"end":{"line":7,"column":10}},"7":{"start":{"line":8,"column":0},"end":{"line":8,"column":36}},"8":{"start":{"line":9,"column":0},"end":{"line":9,"column":22}},"9":{"start":{"line":10,"column":0},"end":{"line":10,"column":43}},"12":{"start":{"line":13,"column":0},"end":{"line":13,"column":2}}},"s":{"5":1,"6":4,"7":4,"8":4,"9":4,"12":4},"branchMap":{"0":{"type":"branch","line":6,"loc":{"start":{"line":6,"column":28},"end":{"line":13,"column":2}},"locations":[{"start":{"line":6,"column":28},"end":{"line":13,"column":2}}]}},"b":{"0":[4]},"fnMap":{"0":{"name":"CustomHeader","decl":{"start":{"line":6,"column":28},"end":{"line":13,"column":2}},"loc":{"start":{"line":6,"column":28},"end":{"line":13,"column":2}},"line":6}},"f":{"0":4}}
,"D:\\David-Demo\\Escritorio\\React\\03-gifs-app\\src\\shared\\components\\SearchBar.tsx": {"path":"D:\\David-Demo\\Escritorio\\React\\03-gifs-app\\src\\shared\\components\\SearchBar.tsx","all":false,"statementMap":{"0":{"start":{"line":1,"column":0},"end":{"line":1,"column":64}},"7":{"start":{"line":8,"column":0},"end":{"line":8,"column":74}},"8":{"start":{"line":9,"column":0},"end":{"line":9,"column":41}},"10":{"start":{"line":11,"column":0},"end":{"line":11,"column":19}},"11":{"start":{"line":12,"column":0},"end":{"line":12,"column":40}},"12":{"start":{"line":13,"column":0},"end":{"line":13,"column":21}},"13":{"start":{"line":14,"column":0},"end":{"line":14,"column":12}},"15":{"start":{"line":16,"column":0},"end":{"line":16,"column":18}},"16":{"start":{"line":17,"column":0},"end":{"line":17,"column":30}},"17":{"start":{"line":18,"column":0},"end":{"line":18,"column":6}},"18":{"start":{"line":19,"column":0},"end":{"line":19,"column":23}},"20":{"start":{"line":21,"column":0},"end":{"line":21,"column":30}},"21":{"start":{"line":22,"column":0},"end":{"line":22,"column":19}},"22":{"start":{"line":23,"column":0},"end":{"line":23,"column":20}},"23":{"start":{"line":24,"column":0},"end":{"line":24,"column":4}},"25":{"start":{"line":26,"column":0},"end":{"line":26,"column":69}},"26":{"start":{"line":27,"column":0},"end":{"line":27,"column":32}},"27":{"start":{"line":28,"column":0},"end":{"line":28,"column":21}},"28":{"start":{"line":29,"column":0},"end":{"line":29,"column":5}},"29":{"start":{"line":30,"column":0},"end":{"line":30,"column":4}},"31":{"start":{"line":32,"column":0},"end":{"line":32,"column":10}},"32":{"start":{"line":33,"column":0},"end":{"line":33,"column":38}},"33":{"start":{"line":34,"column":0},"end":{"line":34,"column":12}},"34":{"start":{"line":35,"column":0},"end":{"line":35,"column":19}},"35":{"start":{"line":36,"column":0},"end":{"line":36,"column":33}},"36":{"start":{"line":37,"column":0},"end":{"line":37,"column":21}},"37":{"start":{"line":38,"column":0},"end":{"line":38,"column":58}},"38":{"start":{"line":39,"column":0},"end":{"line":39,"column":33}},"40":{"start":{"line":41,"column":0},"end":{"line":41,"column":52}},"43":{"start":{"line":44,"column":0},"end":{"line":44,"column":2}}},"s":{"0":1,"7":1,"8":12,"10":12,"11":12,"12":2,"13":12,"15":12,"16":12,"17":12,"18":12,"20":12,"21":1,"22":1,"23":1,"25":12,"26":0,"27":0,"28":0,"29":0,"31":12,"32":12,"33":12,"34":12,"35":12,"36":12,"37":12,"38":12,"40":12,"43":12},"branchMap":{"0":{"type":"branch","line":8,"loc":{"start":{"line":8,"column":25},"end":{"line":44,"column":2}},"locations":[{"start":{"line":8,"column":25},"end":{"line":44,"column":2}}]},"1":{"type":"branch","line":11,"loc":{"start":{"line":11,"column":12},"end":{"line":19,"column":5}},"locations":[{"start":{"line":11,"column":12},"end":{"line":19,"column":5}}]},"2":{"type":"branch","line":12,"loc":{"start":{"line":12,"column":33},"end":{"line":14,"column":7}},"locations":[{"start":{"line":12,"column":33},"end":{"line":14,"column":7}}]},"3":{"type":"branch","line":16,"loc":{"start":{"line":16,"column":11},"end":{"line":18,"column":6}},"locations":[{"start":{"line":16,"column":11},"end":{"line":18,"column":6}}]},"4":{"type":"branch","line":21,"loc":{"start":{"line":21,"column":23},"end":{"line":24,"column":4}},"locations":[{"start":{"line":21,"column":23},"end":{"line":24,"column":4}}]},"5":{"type":"branch","line":38,"loc":{"start":{"line":38,"column":18},"end":{"line":38,"column":58}},"locations":[{"start":{"line":38,"column":18},"end":{"line":38,"column":58}}]}},"b":{"0":[12],"1":[12],"2":[2],"3":[12],"4":[1],"5":[6]},"fnMap":{"0":{"name":"SearchBar","decl":{"start":{"line":8,"column":25},"end":{"line":44,"column":2}},"loc":{"start":{"line":8,"column":25},"end":{"line":44,"column":2}},"line":8},"1":{"name":"handleSearch","decl":{"start":{"line":21,"column":23},"end":{"line":24,"column":4}},"loc":{"start":{"line":21,"column":23},"end":{"line":24,"column":4}},"line":21},"2":{"name":"handleKeyDown","decl":{"start":{"line":26,"column":24},"end":{"line":30,"column":4}},"loc":{"start":{"line":26,"column":24},"end":{"line":30,"column":4}},"line":26},"3":{"name":"onChange","decl":{"start":{"line":38,"column":18},"end":{"line":38,"column":58}},"loc":{"start":{"line":38,"column":18},"end":{"line":38,"column":58}},"line":38}},"f":{"0":12,"1":1,"2":0,"3":6}}
}
